1662685127360	geckodriver	INFO	Listening on 127.0.0.1:63805
1662685127804	mozrunner::runner	INFO	Running command: "/Applications/Firefox.app/Contents/MacOS/firefox-bin" "--marionette" "--remote-debugging-port" "63806" "--remote-allow-hosts" "localhost" "-foreground" "-no-remote" "-profile" "/var/folders/0g/jrkfkmhn1ql68zdbypm9h7640000gn/T/rust_mozprofileD8l2ut"
2022-09-08 20:58:50.423 plugin-container[65373:5636795] nil host used in call to allowsSpecificHTTPSCertificateForHost
2022-09-08 20:58:50.423 plugin-container[65373:5636795] nil host used in call to allowsAnyHTTPSCertificateForHost:
WebDriver BiDi listening on ws://localhost:63806
2022-09-08 20:58:50.498 plugin-container[65373:5636795] nil host used in call to allowsSpecificHTTPSCertificateForHost
2022-09-08 20:58:50.498 plugin-container[65373:5636795] nil host used in call to allowsAnyHTTPSCertificateForHost:
2022-09-08 20:58:50.499 plugin-container[65373:5636799] nil host used in call to allowsSpecificHTTPSCertificateForHost
2022-09-08 20:58:50.499 plugin-container[65373:5636799] nil host used in call to allowsAnyHTTPSCertificateForHost:
UNSUPPORTED (log once): POSSIBLE ISSUE: unit 1 GLD_TEXTURE_INDEX_2D is unloadable and bound to sampler type (Float) - using zero texture because texture unloadable
DevTools listening on ws://localhost:63806/devtools/browser/8f756b67-579d-4987-99bd-da7df0303e80
1662685178491	geckodriver	INFO	Listening on 127.0.0.1:64094
1663113151460	geckodriver	INFO	Listening on 127.0.0.1:51359
1663113151760	mozrunner::runner	INFO	Running command: "/Applications/Firefox.app/Contents/MacOS/firefox-bin" "--marionette" "--remote-debugging-port" "51360" "--remote-allow-hosts" "localhost" "-foreground" "-no-remote" "-profile" "/var/folders/0g/jrkfkmhn1ql68zdbypm9h7640000gn/T/rust_mozprofile65dluC"
2022-09-13 19:52:32.107 plugin-container[35184:9084862] nil host used in call to allowsSpecificHTTPSCertificateForHost
2022-09-13 19:52:32.107 plugin-container[35184:9084862] nil host used in call to allowsAnyHTTPSCertificateForHost:
1663113152112	Marionette	INFO	Marionette enabled
2022-09-13 19:52:32.133 plugin-container[35184:9084862] nil host used in call to allowsSpecificHTTPSCertificateForHost
2022-09-13 19:52:32.133 plugin-container[35184:9084862] nil host used in call to allowsAnyHTTPSCertificateForHost:
2022-09-13 19:52:32.133 plugin-container[35184:9084871] nil host used in call to allowsSpecificHTTPSCertificateForHost
2022-09-13 19:52:32.133 plugin-container[35184:9084871] nil host used in call to allowsAnyHTTPSCertificateForHost:
1663113152239	Marionette	INFO	Listening on port 51390
WebDriver BiDi listening on ws://localhost:51360
Read port: 51390
1663113152318	RemoteAgent	WARN	TLS certificate errors will be ignored for this session
console.warn: SearchSettings: "get: No settings file exists, new profile?" (new NotFoundError("Could not open the file at /var/folders/0g/jrkfkmhn1ql68zdbypm9h7640000gn/T/rust_mozprofile65dluC/search.json.mozlz4", (void 0)))
DevTools listening on ws://localhost:51360/devtools/browser/94ea9520-9990-4234-9c66-005766fdc661
1663113167813	geckodriver	INFO	Listening on 127.0.0.1:51848
1663113168321	mozrunner::runner	INFO	Running command: "/Applications/Firefox.app/Contents/MacOS/firefox-bin" "--marionette" "--headless" "--disable-gpu" "--remote-debugging-port" "51849" "--remote-allow-hosts" "localhost" "-foreground" "-no-remote" "-profile" "/var/folders/0g/jrkfkmhn1ql68zdbypm9h7640000gn/T/rust_mozprofileY2oDHB"
*** You are running in headless mode.
2022-09-13 19:52:48.558 plugin-container[35194:9085297] nil host used in call to allowsSpecificHTTPSCertificateForHost
2022-09-13 19:52:48.558 plugin-container[35194:9085297] nil host used in call to allowsAnyHTTPSCertificateForHost:
2022-09-13 19:52:48.560 plugin-container[35194:9085297] nil host used in call to allowsSpecificHTTPSCertificateForHost
2022-09-13 19:52:48.560 plugin-container[35194:9085297] nil host used in call to allowsAnyHTTPSCertificateForHost:
2022-09-13 19:52:48.560 plugin-container[35194:9085293] nil host used in call to allowsSpecificHTTPSCertificateForHost
2022-09-13 19:52:48.560 plugin-container[35194:9085293] nil host used in call to allowsAnyHTTPSCertificateForHost:
1663113168561	Marionette	INFO	Marionette enabled
1663113168592	Marionette	INFO	Listening on port 51874
WebDriver BiDi listening on ws://localhost:51849
Read port: 51874
1663113168754	RemoteAgent	WARN	TLS certificate errors will be ignored for this session
[GFX1-]: RenderCompositorSWGL failed mapping default framebuffer, no dt
console.warn: SearchSettings: "get: No settings file exists, new profile?" (new NotFoundError("Could not open the file at /var/folders/0g/jrkfkmhn1ql68zdbypm9h7640000gn/T/rust_mozprofileY2oDHB/search.json.mozlz4", (void 0)))
DevTools listening on ws://localhost:51849/devtools/browser/225ad969-bc2a-41db-9175-2f79d967a56f
1663113246532	geckodriver	INFO	Listening on 127.0.0.1:54044
1663113247050	mozrunner::runner	INFO	Running command: "/Applications/Firefox.app/Contents/MacOS/firefox-bin" "--marionette" "--headless" "--disable-gpu" "--remote-debugging-port" "54045" "--remote-allow-hosts" "localhost" "-foreground" "-no-remote" "-profile" "/var/folders/0g/jrkfkmhn1ql68zdbypm9h7640000gn/T/rust_mozprofileUZyH6A"
*** You are running in headless mode.
2022-09-13 19:54:07.270 plugin-container[35218:9086512] nil host used in call to allowsSpecificHTTPSCertificateForHost
2022-09-13 19:54:07.270 plugin-container[35218:9086512] nil host used in call to allowsAnyHTTPSCertificateForHost:
1663113247274	Marionette	INFO	Marionette enabled
2022-09-13 19:54:07.274 plugin-container[35218:9086512] nil host used in call to allowsSpecificHTTPSCertificateForHost
2022-09-13 19:54:07.274 plugin-container[35218:9086512] nil host used in call to allowsAnyHTTPSCertificateForHost:
2022-09-13 19:54:07.274 plugin-container[35218:9086517] nil host used in call to allowsSpecificHTTPSCertificateForHost
2022-09-13 19:54:07.274 plugin-container[35218:9086517] nil host used in call to allowsAnyHTTPSCertificateForHost:
1663113247305	Marionette	INFO	Listening on port 54072
WebDriver BiDi listening on ws://localhost:54045
Read port: 54072
1663113247465	RemoteAgent	WARN	TLS certificate errors will be ignored for this session
[GFX1-]: RenderCompositorSWGL failed mapping default framebuffer, no dt
console.warn: SearchSettings: "get: No settings file exists, new profile?" (new NotFoundError("Could not open the file at /var/folders/0g/jrkfkmhn1ql68zdbypm9h7640000gn/T/rust_mozprofileUZyH6A/search.json.mozlz4", (void 0)))
DevTools listening on ws://localhost:54045/devtools/browser/a47813c5-4bbc-49f0-93fd-9f4c243fd38a
1663113257886	geckodriver	INFO	Listening on 127.0.0.1:54410
1663113258401	mozrunner::runner	INFO	Running command: "/Applications/Firefox.app/Contents/MacOS/firefox-bin" "--marionette" "--headless" "--disable-gpu" "--remote-debugging-port" "54411" "--remote-allow-hosts" "localhost" "-foreground" "-no-remote" "-profile" "/var/folders/0g/jrkfkmhn1ql68zdbypm9h7640000gn/T/rust_mozprofileYhtAuY"
*** You are running in headless mode.
2022-09-13 19:54:18.619 plugin-container[35224:9086866] nil host used in call to allowsSpecificHTTPSCertificateForHost
2022-09-13 19:54:18.619 plugin-container[35224:9086866] nil host used in call to allowsAnyHTTPSCertificateForHost:
2022-09-13 19:54:18.624 plugin-container[35224:9086866] nil host used in call to allowsSpecificHTTPSCertificateForHost
2022-09-13 19:54:18.624 plugin-container[35224:9086866] nil host used in call to allowsAnyHTTPSCertificateForHost:
2022-09-13 19:54:18.625 plugin-container[35224:9086872] nil host used in call to allowsSpecificHTTPSCertificateForHost
2022-09-13 19:54:18.625 plugin-container[35224:9086872] nil host used in call to allowsAnyHTTPSCertificateForHost:
1663113258626	Marionette	INFO	Marionette enabled
1663113258659	Marionette	INFO	Listening on port 54436
WebDriver BiDi listening on ws://localhost:54411
Read port: 54436
1663113258775	RemoteAgent	WARN	TLS certificate errors will be ignored for this session
[GFX1-]: RenderCompositorSWGL failed mapping default framebuffer, no dt
console.warn: SearchSettings: "get: No settings file exists, new profile?" (new NotFoundError("Could not open the file at /var/folders/0g/jrkfkmhn1ql68zdbypm9h7640000gn/T/rust_mozprofileYhtAuY/search.json.mozlz4", (void 0)))
DevTools listening on ws://localhost:54411/devtools/browser/f40e4d33-db9b-48a1-ab49-f10b771d1e8c
1663113332833	geckodriver	INFO	Listening on 127.0.0.1:56544
1663113333350	mozrunner::runner	INFO	Running command: "/Applications/Firefox.app/Contents/MacOS/firefox-bin" "--marionette" "--headless" "--disable-gpu" "--remote-debugging-port" "56545" "--remote-allow-hosts" "localhost" "-foreground" "-no-remote" "-profile" "/var/folders/0g/jrkfkmhn1ql68zdbypm9h7640000gn/T/rust_mozprofileTK7bGD"
*** You are running in headless mode.
2022-09-13 19:55:33.597 plugin-container[35239:9087876] nil host used in call to allowsSpecificHTTPSCertificateForHost
2022-09-13 19:55:33.597 plugin-container[35239:9087876] nil host used in call to allowsAnyHTTPSCertificateForHost:
1663113333606	Marionette	INFO	Marionette enabled
2022-09-13 19:55:33.613 plugin-container[35239:9087876] nil host used in call to allowsSpecificHTTPSCertificateForHost
2022-09-13 19:55:33.613 plugin-container[35239:9087876] nil host used in call to allowsAnyHTTPSCertificateForHost:
2022-09-13 19:55:33.613 plugin-container[35239:9087903] nil host used in call to allowsSpecificHTTPSCertificateForHost
2022-09-13 19:55:33.613 plugin-container[35239:9087903] nil host used in call to allowsAnyHTTPSCertificateForHost:
1663113333639	Marionette	INFO	Listening on port 56570
WebDriver BiDi listening on ws://localhost:56545
Read port: 56570
1663113333745	RemoteAgent	WARN	TLS certificate errors will be ignored for this session
[GFX1-]: RenderCompositorSWGL failed mapping default framebuffer, no dt
console.warn: SearchSettings: "get: No settings file exists, new profile?" (new NotFoundError("Could not open the file at /var/folders/0g/jrkfkmhn1ql68zdbypm9h7640000gn/T/rust_mozprofileTK7bGD/search.json.mozlz4", (void 0)))
DevTools listening on ws://localhost:56545/devtools/browser/f055588f-3436-4620-89a9-48e4c47acca0
1663113547160	geckodriver	INFO	Listening on 127.0.0.1:62427
1663113547667	mozrunner::runner	INFO	Running command: "/Applications/Firefox.app/Contents/MacOS/firefox-bin" "--marionette" "--headless" "--disable-gpu" "--remote-debugging-port" "62428" "--remote-allow-hosts" "localhost" "-foreground" "-no-remote" "-profile" "/var/folders/0g/jrkfkmhn1ql68zdbypm9h7640000gn/T/rust_mozprofileF7zTSd"
*** You are running in headless mode.
1663113547918	Marionette	INFO	Marionette enabled
2022-09-13 19:59:07.918 plugin-container[35264:9090477] nil host used in call to allowsSpecificHTTPSCertificateForHost
2022-09-13 19:59:07.918 plugin-container[35264:9090477] nil host used in call to allowsAnyHTTPSCertificateForHost:
2022-09-13 19:59:07.922 plugin-container[35264:9090477] nil host used in call to allowsSpecificHTTPSCertificateForHost
2022-09-13 19:59:07.922 plugin-container[35264:9090477] nil host used in call to allowsAnyHTTPSCertificateForHost:
2022-09-13 19:59:07.922 plugin-container[35264:9090475] nil host used in call to allowsSpecificHTTPSCertificateForHost
2022-09-13 19:59:07.922 plugin-container[35264:9090475] nil host used in call to allowsAnyHTTPSCertificateForHost:
1663113547925	Marionette	INFO	Listening on port 62454
WebDriver BiDi listening on ws://localhost:62428
Read port: 62454
1663113548072	RemoteAgent	WARN	TLS certificate errors will be ignored for this session
[GFX1-]: RenderCompositorSWGL failed mapping default framebuffer, no dt
console.warn: SearchSettings: "get: No settings file exists, new profile?" (new NotFoundError("Could not open the file at /var/folders/0g/jrkfkmhn1ql68zdbypm9h7640000gn/T/rust_mozprofileF7zTSd/search.json.mozlz4", (void 0)))
DevTools listening on ws://localhost:62428/devtools/browser/086bac8b-212e-4682-b1d1-c182cd45977b
1663113582850	geckodriver	INFO	Listening on 127.0.0.1:63512
1663113583366	mozrunner::runner	INFO	Running command: "/Applications/Firefox.app/Contents/MacOS/firefox-bin" "--marionette" "--disable-gpu" "--remote-debugging-port" "63513" "--remote-allow-hosts" "localhost" "-foreground" "-no-remote" "-profile" "/var/folders/0g/jrkfkmhn1ql68zdbypm9h7640000gn/T/rust_mozprofilePPsM5E"
2022-09-13 19:59:43.684 plugin-container[35272:9091154] nil host used in call to allowsSpecificHTTPSCertificateForHost
2022-09-13 19:59:43.684 plugin-container[35272:9091154] nil host used in call to allowsAnyHTTPSCertificateForHost:
2022-09-13 19:59:43.686 plugin-container[35272:9091154] nil host used in call to allowsSpecificHTTPSCertificateForHost
2022-09-13 19:59:43.686 plugin-container[35272:9091154] nil host used in call to allowsAnyHTTPSCertificateForHost:
2022-09-13 19:59:43.686 plugin-container[35272:9091180] nil host used in call to allowsSpecificHTTPSCertificateForHost
2022-09-13 19:59:43.686 plugin-container[35272:9091180] nil host used in call to allowsAnyHTTPSCertificateForHost:
1663113583687	Marionette	INFO	Marionette enabled
1663113583708	Marionette	INFO	Listening on port 63541
WebDriver BiDi listening on ws://localhost:63513
Read port: 63541
1663113583863	RemoteAgent	WARN	TLS certificate errors will be ignored for this session
console.warn: SearchSettings: "get: No settings file exists, new profile?" (new NotFoundError("Could not open the file at /var/folders/0g/jrkfkmhn1ql68zdbypm9h7640000gn/T/rust_mozprofilePPsM5E/search.json.mozlz4", (void 0)))
UNSUPPORTED (log once): POSSIBLE ISSUE: unit 1 GLD_TEXTURE_INDEX_2D is unloadable and bound to sampler type (Float) - using zero texture because texture unloadable
DevTools listening on ws://localhost:63513/devtools/browser/9767e931-34ab-4365-afda-82e837136e1e
SourceActor threw an exception: [Exception... "Component returned failure code: 0x80470002 (NS_BASE_STREAM_CLOSED) [nsIInputStream.available]"  nsresult: "0x80470002 (NS_BASE_STREAM_CLOSED)"  location: "JS frame :: resource://devtools/shared/DevToolsUtils.js :: onResponse :: line 594"  data: no]
Stack: onResponse@resource://devtools/shared/DevToolsUtils.js:594:34
onStopRequest@resource://gre/modules/NetUtil.jsm:126:18
Line: 594, column: 0
console.error: ({})
JavaScript error: resource://devtools/shared/DevToolsUtils.js, line 594: NS_BASE_STREAM_CLOSED: Component returned failure code: 0x80470002 (NS_BASE_STREAM_CLOSED) [nsIInputStream.available]
console.error: (new TypeError("currentNode is null", "resource://devtools/client/inspector/shared/style-change-tracker.js", 66))
TypeError: currentNode is null: canMutationImpactCurrentStyles@resource://devtools/client/inspector/shared/style-change-tracker.js:66:20
onMutations@resource://devtools/client/inspector/shared/style-change-tracker.js:84:41
_emit@resource://devtools/shared/event-emitter.js:242:32
emit@resource://devtools/shared/event-emitter.js:186:18
emit@resource://devtools/shared/event-emitter.js:330:18
getMutations@resource://devtools/client/fronts/walker.js:312:10

console.error: (new TypeError("currentNode is null", "resource://devtools/client/inspector/shared/style-change-tracker.js", 66))
TypeError: currentNode is null: canMutationImpactCurrentStyles@resource://devtools/client/inspector/shared/style-change-tracker.js:66:20
onMutations@resource://devtools/client/inspector/shared/style-change-tracker.js:84:41
_emit@resource://devtools/shared/event-emitter.js:242:32
emit@resource://devtools/shared/event-emitter.js:186:18
emit@resource://devtools/shared/event-emitter.js:330:18
getMutations@resource://devtools/client/fronts/walker.js:312:10

console.error: "Unable to find target with innerWindowId:4294967302"
1663117687736	geckodriver	INFO	Listening on 127.0.0.1:59766
1663117688251	mozrunner::runner	INFO	Running command: "/Applications/Firefox.app/Contents/MacOS/firefox-bin" "--marionette" "--disable-gpu" "--remote-debugging-port" "59767" "--remote-allow-hosts" "localhost" "-foreground" "-no-remote" "-profile" "/var/folders/0g/jrkfkmhn1ql68zdbypm9h7640000gn/T/rust_mozprofileDbx4yp"
2022-09-13 21:08:08.564 plugin-container[35734:9129568] nil host used in call to allowsSpecificHTTPSCertificateForHost
2022-09-13 21:08:08.565 plugin-container[35734:9129568] nil host used in call to allowsAnyHTTPSCertificateForHost:
2022-09-13 21:08:08.567 plugin-container[35734:9129568] nil host used in call to allowsSpecificHTTPSCertificateForHost
1663117688571	Marionette	INFO	Marionette enabled
2022-09-13 21:08:08.589 plugin-container[35734:9129568] nil host used in call to allowsAnyHTTPSCertificateForHost:
2022-09-13 21:08:08.589 plugin-container[35734:9129598] nil host used in call to allowsSpecificHTTPSCertificateForHost
2022-09-13 21:08:08.589 plugin-container[35734:9129598] nil host used in call to allowsAnyHTTPSCertificateForHost:
1663117688607	Marionette	INFO	Listening on port 59794
WebDriver BiDi listening on ws://localhost:59767
Read port: 59794
1663117688706	RemoteAgent	WARN	TLS certificate errors will be ignored for this session
console.warn: SearchSettings: "get: No settings file exists, new profile?" (new NotFoundError("Could not open the file at /var/folders/0g/jrkfkmhn1ql68zdbypm9h7640000gn/T/rust_mozprofileDbx4yp/search.json.mozlz4", (void 0)))
UNSUPPORTED (log once): POSSIBLE ISSUE: unit 1 GLD_TEXTURE_INDEX_2D is unloadable and bound to sampler type (Float) - using zero texture because texture unloadable
DevTools listening on ws://localhost:59767/devtools/browser/3647ed2e-eb97-4a7c-a58a-8577f07b742e
SourceActor threw an exception: [Exception... "Component returned failure code: 0x80470002 (NS_BASE_STREAM_CLOSED) [nsIInputStream.available]"  nsresult: "0x80470002 (NS_BASE_STREAM_CLOSED)"  location: "JS frame :: resource://devtools/shared/DevToolsUtils.js :: onResponse :: line 594"  data: no]
Stack: onResponse@resource://devtools/shared/DevToolsUtils.js:594:34
onStopRequest@resource://gre/modules/NetUtil.jsm:126:18
Line: 594, column: 0
console.error: ({})
JavaScript error: resource://devtools/shared/DevToolsUtils.js, line 594: NS_BASE_STREAM_CLOSED: Component returned failure code: 0x80470002 (NS_BASE_STREAM_CLOSED) [nsIInputStream.available]
JavaScript error: , line 0: NotFoundError: No such JSWindowActor 'DevToolsFrame'
SourceActor threw an exception: [Exception... "Component returned failure code: 0x80470002 (NS_BASE_STREAM_CLOSED) [nsIInputStream.available]"  nsresult: "0x80470002 (NS_BASE_STREAM_CLOSED)"  location: "JS frame :: resource://devtools/shared/DevToolsUtils.js :: onResponse :: line 594"  data: no]
Stack: onResponse@resource://devtools/shared/DevToolsUtils.js:594:34
onStopRequest@resource://gre/modules/NetUtil.jsm:126:18
Line: 594, column: 0
console.error: ({})
JavaScript error: resource://devtools/shared/DevToolsUtils.js, line 594: NS_BASE_STREAM_CLOSED: Component returned failure code: 0x80470002 (NS_BASE_STREAM_CLOSED) [nsIInputStream.available]
console.error: (new TypeError("currentNode is null", "resource://devtools/client/inspector/shared/style-change-tracker.js", 66))
TypeError: currentNode is null: canMutationImpactCurrentStyles@resource://devtools/client/inspector/shared/style-change-tracker.js:66:20
onMutations@resource://devtools/client/inspector/shared/style-change-tracker.js:84:41
_emit@resource://devtools/shared/event-emitter.js:242:32
emit@resource://devtools/shared/event-emitter.js:186:18
emit@resource://devtools/shared/event-emitter.js:330:18
getMutations@resource://devtools/client/fronts/walker.js:312:10

console.error: (new TypeError("currentNode is null", "resource://devtools/client/inspector/shared/style-change-tracker.js", 66))
TypeError: currentNode is null: canMutationImpactCurrentStyles@resource://devtools/client/inspector/shared/style-change-tracker.js:66:20
onMutations@resource://devtools/client/inspector/shared/style-change-tracker.js:84:41
_emit@resource://devtools/shared/event-emitter.js:242:32
emit@resource://devtools/shared/event-emitter.js:186:18
emit@resource://devtools/shared/event-emitter.js:330:18
getMutations@resource://devtools/client/fronts/walker.js:312:10

console.error: (new TypeError("parent is null", "resource://devtools/client/inspector/shared/style-change-tracker.js", 67))
TypeError: parent is null: canMutationImpactCurrentStyles@resource://devtools/client/inspector/shared/style-change-tracker.js:67:24
onMutations@resource://devtools/client/inspector/shared/style-change-tracker.js:84:41
_emit@resource://devtools/shared/event-emitter.js:242:32
emit@resource://devtools/shared/event-emitter.js:186:18
emit@resource://devtools/shared/event-emitter.js:330:18
getMutations@resource://devtools/client/fronts/walker.js:312:10

console.error: (new TypeError("parent is null", "resource://devtools/client/inspector/shared/style-change-tracker.js", 67))
TypeError: parent is null: canMutationImpactCurrentStyles@resource://devtools/client/inspector/shared/style-change-tracker.js:67:24
onMutations@resource://devtools/client/inspector/shared/style-change-tracker.js:84:41
_emit@resource://devtools/shared/event-emitter.js:242:32
emit@resource://devtools/shared/event-emitter.js:186:18
emit@resource://devtools/shared/event-emitter.js:330:18
getMutations@resource://devtools/client/fronts/walker.js:312:10

console.error: (new TypeError("container.node.targetFront is null", "resource://devtools/client/inspector/markup/markup.js", 2320))
JavaScript error: , line 0: NotFoundError: No such JSWindowActor 'DevToolsFrame'
JavaScript error: , line 0: NotFoundError: No such JSWindowActor 'DevToolsFrame'
JavaScript error: , line 0: NotFoundError: No such JSWindowActor 'DevToolsFrame'
1663163941407	Marionette	INFO	Stopped listening on port 59794
1663164431525	geckodriver	INFO	Listening on 127.0.0.1:64920
1663164432034	mozrunner::runner	INFO	Running command: "/Applications/Firefox.app/Contents/MacOS/firefox-bin" "--marionette" "--disable-gpu" "--remote-debugging-port" "64921" "--remote-allow-hosts" "localhost" "-foreground" "-no-remote" "-profile" "/var/folders/0g/jrkfkmhn1ql68zdbypm9h7640000gn/T/rust_mozprofilerIOK7H"
1663164432420	Marionette	INFO	Marionette enabled
2022-09-14 10:07:12.449 plugin-container[40394:9510083] nil host used in call to allowsSpecificHTTPSCertificateForHost
2022-09-14 10:07:12.449 plugin-container[40394:9510083] nil host used in call to allowsAnyHTTPSCertificateForHost:
2022-09-14 10:07:12.451 plugin-container[40394:9510083] nil host used in call to allowsSpecificHTTPSCertificateForHost
2022-09-14 10:07:12.451 plugin-container[40394:9510083] nil host used in call to allowsAnyHTTPSCertificateForHost:
2022-09-14 10:07:12.452 plugin-container[40394:9510090] nil host used in call to allowsSpecificHTTPSCertificateForHost
2022-09-14 10:07:12.452 plugin-container[40394:9510090] nil host used in call to allowsAnyHTTPSCertificateForHost:
1663164432549	Marionette	INFO	Listening on port 64953
Read port: 64953
WebDriver BiDi listening on ws://localhost:64921
1663164432612	RemoteAgent	WARN	TLS certificate errors will be ignored for this session
console.warn: SearchSettings: "get: No settings file exists, new profile?" (new NotFoundError("Could not open the file at /var/folders/0g/jrkfkmhn1ql68zdbypm9h7640000gn/T/rust_mozprofilerIOK7H/search.json.mozlz4", (void 0)))
UNSUPPORTED (log once): POSSIBLE ISSUE: unit 1 GLD_TEXTURE_INDEX_2D is unloadable and bound to sampler type (Float) - using zero texture because texture unloadable
DevTools listening on ws://localhost:64921/devtools/browser/09ba2484-a805-436d-a496-598bad83523a
1663164434690	Marionette	WARN	Ignoring event 'pageshow' because document has an invalid readyState of 'interactive'.
SourceActor threw an exception: [Exception... "Component returned failure code: 0x80470002 (NS_BASE_STREAM_CLOSED) [nsIInputStream.available]"  nsresult: "0x80470002 (NS_BASE_STREAM_CLOSED)"  location: "JS frame :: resource://devtools/shared/DevToolsUtils.js :: onResponse :: line 594"  data: no]
Stack: onResponse@resource://devtools/shared/DevToolsUtils.js:594:34
onStopRequest@resource://gre/modules/NetUtil.jsm:126:18
Line: 594, column: 0
console.error: ({})
JavaScript error: resource://devtools/shared/DevToolsUtils.js, line 594: NS_BASE_STREAM_CLOSED: Component returned failure code: 0x80470002 (NS_BASE_STREAM_CLOSED) [nsIInputStream.available]
console.error: (new TypeError("parent is null", "resource://devtools/client/inspector/shared/style-change-tracker.js", 67))
TypeError: parent is null: canMutationImpactCurrentStyles@resource://devtools/client/inspector/shared/style-change-tracker.js:67:24
onMutations@resource://devtools/client/inspector/shared/style-change-tracker.js:84:41
_emit@resource://devtools/shared/event-emitter.js:242:32
emit@resource://devtools/shared/event-emitter.js:186:18
emit@resource://devtools/shared/event-emitter.js:330:18
getMutations@resource://devtools/client/fronts/walker.js:312:10

console.error: (new TypeError("container.node.targetFront is null", "resource://devtools/client/inspector/markup/markup.js", 2320))
1663164645606	geckodriver	INFO	Listening on 127.0.0.1:54432
1663164646122	mozrunner::runner	INFO	Running command: "/Applications/Firefox.app/Contents/MacOS/firefox-bin" "--marionette" "--disable-gpu" "--remote-debugging-port" "54433" "--remote-allow-hosts" "localhost" "-foreground" "-no-remote" "-profile" "/var/folders/0g/jrkfkmhn1ql68zdbypm9h7640000gn/T/rust_mozprofileku5BvS"
2022-09-14 10:10:46.528 plugin-container[40421:9513144] nil host used in call to allowsSpecificHTTPSCertificateForHost
2022-09-14 10:10:46.528 plugin-container[40421:9513144] nil host used in call to allowsAnyHTTPSCertificateForHost:
1663164646531	Marionette	INFO	Marionette enabled
2022-09-14 10:10:46.532 plugin-container[40421:9513144] nil host used in call to allowsSpecificHTTPSCertificateForHost
2022-09-14 10:10:46.532 plugin-container[40421:9513144] nil host used in call to allowsAnyHTTPSCertificateForHost:
2022-09-14 10:10:46.533 plugin-container[40421:9513168] nil host used in call to allowsSpecificHTTPSCertificateForHost
2022-09-14 10:10:46.533 plugin-container[40421:9513168] nil host used in call to allowsAnyHTTPSCertificateForHost:
1663164646560	Marionette	INFO	Listening on port 54465
WebDriver BiDi listening on ws://localhost:54433
Read port: 54465
1663164646682	RemoteAgent	WARN	TLS certificate errors will be ignored for this session
console.warn: SearchSettings: "get: No settings file exists, new profile?" (new NotFoundError("Could not open the file at /var/folders/0g/jrkfkmhn1ql68zdbypm9h7640000gn/T/rust_mozprofileku5BvS/search.json.mozlz4", (void 0)))
UNSUPPORTED (log once): POSSIBLE ISSUE: unit 1 GLD_TEXTURE_INDEX_2D is unloadable and bound to sampler type (Float) - using zero texture because texture unloadable
DevTools listening on ws://localhost:54433/devtools/browser/69ff5f13-ac99-4a21-a02b-1920cc450386
Exiting due to channel error.
[GFX1-]: Receive IPC close with reason=AbnormalShutdown
Exiting due to channel error.
[GFX1-]: Receive IPC close with reason=AbnormalShutdown
[GFX1-]: Receive IPC close with reason=AbnormalShutdown
Exiting due to channel error.
Exiting due to channel error.
Exiting due to channel error.
[GFX1-]: Receive IPC close with reason=AbnormalShutdown
Exiting due to channel error.
Exiting due to channel error.
Exiting due to channel error.
Exiting due to channel error.
Exiting due to channel error.
Exiting due to channel error.
[GFX1-]: Receive IPC close with reason=AbnormalShutdown
Exiting due to channel error.
Exiting due to channel error.
Exiting due to channel error.
Exiting due to channel error.
Exiting due to channel error.
Exiting due to channel error.
Exiting due to channel error.
Exiting due to channel error.
Exiting due to channel error.
Exiting due to channel error.
Exiting due to channel error.
Exiting due to channel error.
Exiting due to channel error.
Exiting due to channel error.
Exiting due to channel error.
Exiting due to channel error.
Exiting due to channel error.
1663167632458	geckodriver	INFO	Listening on 127.0.0.1:52821
1663167632970	mozrunner::runner	INFO	Running command: "/Applications/Firefox.app/Contents/MacOS/firefox-bin" "--marionette" "--disable-gpu" "--remote-debugging-port" "52822" "--remote-allow-hosts" "localhost" "-foreground" "-no-remote" "-profile" "/var/folders/0g/jrkfkmhn1ql68zdbypm9h7640000gn/T/rust_mozprofilenvFto1"
2022-09-14 11:00:33.250 plugin-container[40845:9531848] nil host used in call to allowsSpecificHTTPSCertificateForHost
2022-09-14 11:00:33.250 plugin-container[40845:9531848] nil host used in call to allowsAnyHTTPSCertificateForHost:
2022-09-14 11:00:33.253 plugin-container[40845:9531848] nil host used in call to allowsSpecificHTTPSCertificateForHost
2022-09-14 11:00:33.253 plugin-container[40845:9531848] nil host used in call to allowsAnyHTTPSCertificateForHost:
2022-09-14 11:00:33.253 plugin-container[40845:9531846] nil host used in call to allowsSpecificHTTPSCertificateForHost
2022-09-14 11:00:33.253 plugin-container[40845:9531846] nil host used in call to allowsAnyHTTPSCertificateForHost:
1663167633262	Marionette	INFO	Marionette enabled
1663167633278	Marionette	INFO	Listening on port 52849
WebDriver BiDi listening on ws://localhost:52822
Read port: 52849
1663167633373	RemoteAgent	WARN	TLS certificate errors will be ignored for this session
console.warn: SearchSettings: "get: No settings file exists, new profile?" (new NotFoundError("Could not open the file at /var/folders/0g/jrkfkmhn1ql68zdbypm9h7640000gn/T/rust_mozprofilenvFto1/search.json.mozlz4", (void 0)))
UNSUPPORTED (log once): POSSIBLE ISSUE: unit 1 GLD_TEXTURE_INDEX_2D is unloadable and bound to sampler type (Float) - using zero texture because texture unloadable
DevTools listening on ws://localhost:52822/devtools/browser/05a91b31-ed16-490c-8824-58233167c949
1663168479726	Marionette	INFO	Stopped listening on port 52849
1663256681231	geckodriver	INFO	Listening on 127.0.0.1:54091
1663256681747	mozrunner::runner	INFO	Running command: "/Applications/Firefox.app/Contents/MacOS/firefox-bin" "--marionette" "--disable-gpu" "--remote-debugging-port" "54092" "--remote-allow-hosts" "localhost" "-foreground" "-no-remote" "-profile" "/var/folders/0g/jrkfkmhn1ql68zdbypm9h7640000gn/T/rust_mozprofile2zDXzD"
2022-09-15 11:44:42.065 plugin-container[46670:9919834] nil host used in call to allowsSpecificHTTPSCertificateForHost
2022-09-15 11:44:42.065 plugin-container[46670:9919834] nil host used in call to allowsAnyHTTPSCertificateForHost:
2022-09-15 11:44:42.069 plugin-container[46670:9919834] nil host used in call to allowsSpecificHTTPSCertificateForHost
2022-09-15 11:44:42.069 plugin-container[46670:9919834] nil host used in call to allowsAnyHTTPSCertificateForHost:
2022-09-15 11:44:42.070 plugin-container[46670:9919840] nil host used in call to allowsSpecificHTTPSCertificateForHost
2022-09-15 11:44:42.070 plugin-container[46670:9919840] nil host used in call to allowsAnyHTTPSCertificateForHost:
1663256682070	Marionette	INFO	Marionette enabled
1663256682091	Marionette	INFO	Listening on port 54119
WebDriver BiDi listening on ws://localhost:54092
Read port: 54119
1663256682198	RemoteAgent	WARN	TLS certificate errors will be ignored for this session
console.warn: SearchSettings: "get: No settings file exists, new profile?" (new NotFoundError("Could not open the file at /var/folders/0g/jrkfkmhn1ql68zdbypm9h7640000gn/T/rust_mozprofile2zDXzD/search.json.mozlz4", (void 0)))
UNSUPPORTED (log once): POSSIBLE ISSUE: unit 1 GLD_TEXTURE_INDEX_2D is unloadable and bound to sampler type (Float) - using zero texture because texture unloadable
DevTools listening on ws://localhost:54092/devtools/browser/0151d40b-6763-4e79-a425-c6187a305dd6
1663256730756	geckodriver	INFO	Listening on 127.0.0.1:55475
1663256731272	mozrunner::runner	INFO	Running command: "/Applications/Firefox.app/Contents/MacOS/firefox-bin" "--marionette" "--disable-gpu" "--remote-debugging-port" "55476" "--remote-allow-hosts" "localhost" "-foreground" "-no-remote" "-profile" "/var/folders/0g/jrkfkmhn1ql68zdbypm9h7640000gn/T/rust_mozprofilepJPa8y"
2022-09-15 11:45:31.594 plugin-container[46680:9920478] nil host used in call to allowsSpecificHTTPSCertificateForHost
2022-09-15 11:45:31.594 plugin-container[46680:9920478] nil host used in call to allowsAnyHTTPSCertificateForHost:
2022-09-15 11:45:31.596 plugin-container[46680:9920478] nil host used in call to allowsSpecificHTTPSCertificateForHost
2022-09-15 11:45:31.596 plugin-container[46680:9920478] nil host used in call to allowsAnyHTTPSCertificateForHost:
2022-09-15 11:45:31.596 plugin-container[46680:9920487] nil host used in call to allowsSpecificHTTPSCertificateForHost
2022-09-15 11:45:31.597 plugin-container[46680:9920487] nil host used in call to allowsAnyHTTPSCertificateForHost:
1663256731600	Marionette	INFO	Marionette enabled
1663256731619	Marionette	INFO	Listening on port 55504
WebDriver BiDi listening on ws://localhost:55476
Read port: 55504
1663256731774	RemoteAgent	WARN	TLS certificate errors will be ignored for this session
console.warn: SearchSettings: "get: No settings file exists, new profile?" (new NotFoundError("Could not open the file at /var/folders/0g/jrkfkmhn1ql68zdbypm9h7640000gn/T/rust_mozprofilepJPa8y/search.json.mozlz4", (void 0)))
UNSUPPORTED (log once): POSSIBLE ISSUE: unit 1 GLD_TEXTURE_INDEX_2D is unloadable and bound to sampler type (Float) - using zero texture because texture unloadable
DevTools listening on ws://localhost:55476/devtools/browser/ba0769c6-3bec-4e64-b3ed-1a240dce2753
1663264857973	geckodriver	INFO	Listening on 127.0.0.1:65396
1663264858346	mozrunner::runner	INFO	Running command: "/Applications/Firefox.app/Contents/MacOS/firefox-bin" "--marionette" "--remote-debugging-port" "65397" "--remote-allow-hosts" "localhost" "-foreground" "-no-remote" "-profile" "/var/folders/jr/0bg6njgs6rs81lwz018d85bm0000gn/T/rust_mozprofile30zfP9"
1663264858894	Marionette	INFO	Marionette enabled
1663264858922	Marionette	INFO	Listening on port 65406
WebDriver BiDi listening on ws://localhost:65397
2022-09-15 14:00:58.976 plugin-container[91910:2080858] nil host used in call to allowsSpecificHTTPSCertificateForHost
2022-09-15 14:00:58.977 plugin-container[91910:2080858] nil host used in call to allowsAnyHTTPSCertificateForHost:
2022-09-15 14:00:58.995 plugin-container[91910:2080858] nil host used in call to allowsSpecificHTTPSCertificateForHost
2022-09-15 14:00:58.995 plugin-container[91910:2080858] nil host used in call to allowsAnyHTTPSCertificateForHost:
2022-09-15 14:00:58.995 plugin-container[91910:2080909] nil host used in call to allowsSpecificHTTPSCertificateForHost
2022-09-15 14:00:58.995 plugin-container[91910:2080909] nil host used in call to allowsAnyHTTPSCertificateForHost:
Read port: 65406
1663264859082	RemoteAgent	WARN	TLS certificate errors will be ignored for this session
console.warn: SearchSettings: "get: No settings file exists, new profile?" (new NotFoundError("Could not open the file at /var/folders/jr/0bg6njgs6rs81lwz018d85bm0000gn/T/rust_mozprofile30zfP9/search.json.mozlz4", (void 0)))
DevTools listening on ws://localhost:65397/devtools/browser/ac4bc311-7965-45c5-b8de-63e6c15dd2a4
1663264881128	geckodriver	INFO	Listening on 127.0.0.1:65449
1663264881133	mozrunner::runner	INFO	Running command: "/Applications/Firefox.app/Contents/MacOS/firefox-bin" "--marionette" "--remote-debugging-port" "65450" "--remote-allow-hosts" "localhost" "-foreground" "-no-remote" "-profile" "/var/folders/jr/0bg6njgs6rs81lwz018d85bm0000gn/T/rust_mozprofileAkRm3g"
2022-09-15 14:01:21.391 plugin-container[91936:2081496] nil host used in call to allowsSpecificHTTPSCertificateForHost
2022-09-15 14:01:21.391 plugin-container[91936:2081496] nil host used in call to allowsAnyHTTPSCertificateForHost:
2022-09-15 14:01:21.393 plugin-container[91936:2081496] nil host used in call to allowsSpecificHTTPSCertificateForHost
2022-09-15 14:01:21.393 plugin-container[91936:2081496] nil host used in call to allowsAnyHTTPSCertificateForHost:
2022-09-15 14:01:21.393 plugin-container[91936:2081503] nil host used in call to allowsSpecificHTTPSCertificateForHost
2022-09-15 14:01:21.393 plugin-container[91936:2081503] nil host used in call to allowsAnyHTTPSCertificateForHost:
1663264881395	Marionette	INFO	Marionette enabled
1663264881413	Marionette	INFO	Listening on port 65455
WebDriver BiDi listening on ws://localhost:65450
Read port: 65455
1663264881499	RemoteAgent	WARN	TLS certificate errors will be ignored for this session
console.warn: SearchSettings: "get: No settings file exists, new profile?" (new NotFoundError("Could not open the file at /var/folders/jr/0bg6njgs6rs81lwz018d85bm0000gn/T/rust_mozprofileAkRm3g/search.json.mozlz4", (void 0)))
DevTools listening on ws://localhost:65450/devtools/browser/931bb85d-d2f4-4202-b989-34be60d7284d
UNSUPPORTED (log once): POSSIBLE ISSUE: unit 1 GLD_TEXTURE_INDEX_2D is unloadable and bound to sampler type (Float) - using zero texture because texture unloadable
1663264932059	geckodriver	INFO	Listening on 127.0.0.1:49186
1663264932568	mozrunner::runner	INFO	Running command: "/Applications/Firefox.app/Contents/MacOS/firefox-bin" "--marionette" "--remote-debugging-port" "49187" "--remote-allow-hosts" "localhost" "-foreground" "-no-remote" "-profile" "/var/folders/jr/0bg6njgs6rs81lwz018d85bm0000gn/T/rust_mozprofileDn0QOT"
2022-09-15 14:02:12.840 plugin-container[91982:2082788] nil host used in call to allowsSpecificHTTPSCertificateForHost
2022-09-15 14:02:12.840 plugin-container[91982:2082788] nil host used in call to allowsAnyHTTPSCertificateForHost:
1663264932841	Marionette	INFO	Marionette enabled
1663264932859	Marionette	INFO	Listening on port 49194
WebDriver BiDi listening on ws://localhost:49187
2022-09-15 14:02:12.863 plugin-container[91982:2082788] nil host used in call to allowsSpecificHTTPSCertificateForHost
2022-09-15 14:02:12.863 plugin-container[91982:2082788] nil host used in call to allowsAnyHTTPSCertificateForHost:
2022-09-15 14:02:12.863 plugin-container[91982:2082786] nil host used in call to allowsSpecificHTTPSCertificateForHost
2022-09-15 14:02:12.863 plugin-container[91982:2082786] nil host used in call to allowsAnyHTTPSCertificateForHost:
Read port: 49194
1663264932945	RemoteAgent	WARN	TLS certificate errors will be ignored for this session
console.warn: SearchSettings: "get: No settings file exists, new profile?" (new NotFoundError("Could not open the file at /var/folders/jr/0bg6njgs6rs81lwz018d85bm0000gn/T/rust_mozprofileDn0QOT/search.json.mozlz4", (void 0)))
DevTools listening on ws://localhost:49187/devtools/browser/bf9181e1-db96-4cf8-a0a8-ba486ec8b586
UNSUPPORTED (log once): POSSIBLE ISSUE: unit 1 GLD_TEXTURE_INDEX_2D is unloadable and bound to sampler type (Float) - using zero texture because texture unloadable
Exiting due to channel error.
Exiting due to channel error.
Exiting due to channel error.
Exiting due to channel error.
Exiting due to channel error.
Exiting due to channel error.
Exiting due to channel error.
[GFX1-]: Receive IPC close with reason=AbnormalShutdown
Exiting due to channel error.
Exiting due to channel error.
1663270470594	geckodriver	INFO	Listening on 127.0.0.1:50596
1663270471097	mozrunner::runner	INFO	Running command: "/Applications/Firefox.app/Contents/MacOS/firefox-bin" "--marionette" "--remote-debugging-port" "50597" "--remote-allow-hosts" "localhost" "-foreground" "-no-remote" "-profile" "/var/folders/jr/0bg6njgs6rs81lwz018d85bm0000gn/T/rust_mozprofilevY0ICW"
1663270471666	Marionette	INFO	Marionette enabled
1663270471699	Marionette	INFO	Listening on port 50604
WebDriver BiDi listening on ws://localhost:50597
Read port: 50604
2022-09-15 15:34:31.717 plugin-container[92564:2120234] nil host used in call to allowsSpecificHTTPSCertificateForHost
2022-09-15 15:34:31.717 plugin-container[92564:2120234] nil host used in call to allowsAnyHTTPSCertificateForHost:
2022-09-15 15:34:31.764 plugin-container[92564:2120234] nil host used in call to allowsSpecificHTTPSCertificateForHost
2022-09-15 15:34:31.764 plugin-container[92564:2120234] nil host used in call to allowsAnyHTTPSCertificateForHost:
2022-09-15 15:34:31.764 plugin-container[92564:2120231] nil host used in call to allowsSpecificHTTPSCertificateForHost
2022-09-15 15:34:31.764 plugin-container[92564:2120231] nil host used in call to allowsAnyHTTPSCertificateForHost:
1663270471778	RemoteAgent	WARN	TLS certificate errors will be ignored for this session
console.warn: SearchSettings: "get: No settings file exists, new profile?" (new NotFoundError("Could not open the file at /var/folders/jr/0bg6njgs6rs81lwz018d85bm0000gn/T/rust_mozprofilevY0ICW/search.json.mozlz4", (void 0)))
DevTools listening on ws://localhost:50597/devtools/browser/ed17039d-de6a-4067-9bfa-6b323debea7d
UNSUPPORTED (log once): POSSIBLE ISSUE: unit 1 GLD_TEXTURE_INDEX_2D is unloadable and bound to sampler type (Float) - using zero texture because texture unloadable
JavaScript error: chrome://global/content/elements/browser-custom-element.js, line 1624: Error: permitUnload is already running for this tab.
JavaScript error: chrome://global/content/elements/browser-custom-element.js, line 1688: uncaught exception: undefined
1663270517585	Marionette	INFO	Stopped listening on port 50604
1663270518979	geckodriver	INFO	Listening on 127.0.0.1:50701
1663270519487	mozrunner::runner	INFO	Running command: "/Applications/Firefox.app/Contents/MacOS/firefox-bin" "--marionette" "--remote-debugging-port" "50702" "--remote-allow-hosts" "localhost" "-foreground" "-no-remote" "-profile" "/var/folders/jr/0bg6njgs6rs81lwz018d85bm0000gn/T/rust_mozprofileULiMT3"
2022-09-15 15:35:19.747 plugin-container[92594:2120969] nil host used in call to allowsSpecificHTTPSCertificateForHost
2022-09-15 15:35:19.748 plugin-container[92594:2120969] nil host used in call to allowsAnyHTTPSCertificateForHost:
1663270519750	Marionette	INFO	Marionette enabled
2022-09-15 15:35:19.750 plugin-container[92594:2120969] nil host used in call to allowsSpecificHTTPSCertificateForHost
2022-09-15 15:35:19.750 plugin-container[92594:2120969] nil host used in call to allowsAnyHTTPSCertificateForHost:
2022-09-15 15:35:19.750 plugin-container[92594:2120967] nil host used in call to allowsSpecificHTTPSCertificateForHost
2022-09-15 15:35:19.750 plugin-container[92594:2120967] nil host used in call to allowsAnyHTTPSCertificateForHost:
1663270519767	Marionette	INFO	Listening on port 50708
WebDriver BiDi listening on ws://localhost:50702
Read port: 50708
1663270519850	RemoteAgent	WARN	TLS certificate errors will be ignored for this session
console.warn: SearchSettings: "get: No settings file exists, new profile?" (new NotFoundError("Could not open the file at /var/folders/jr/0bg6njgs6rs81lwz018d85bm0000gn/T/rust_mozprofileULiMT3/search.json.mozlz4", (void 0)))
DevTools listening on ws://localhost:50702/devtools/browser/3e9e54c7-3df1-42c3-a0b0-e62282abc450
UNSUPPORTED (log once): POSSIBLE ISSUE: unit 1 GLD_TEXTURE_INDEX_2D is unloadable and bound to sampler type (Float) - using zero texture because texture unloadable
1663270582196	Marionette	INFO	Stopped listening on port 50708
1663270583250	geckodriver	INFO	Listening on 127.0.0.1:50821
1663270583758	mozrunner::runner	INFO	Running command: "/Applications/Firefox.app/Contents/MacOS/firefox-bin" "--marionette" "--remote-debugging-port" "50822" "--remote-allow-hosts" "localhost" "-foreground" "-no-remote" "-profile" "/var/folders/jr/0bg6njgs6rs81lwz018d85bm0000gn/T/rust_mozprofilezs6ap5"
2022-09-15 15:36:24.030 plugin-container[92615:2121677] nil host used in call to allowsSpecificHTTPSCertificateForHost
2022-09-15 15:36:24.030 plugin-container[92615:2121677] nil host used in call to allowsAnyHTTPSCertificateForHost:
2022-09-15 15:36:24.032 plugin-container[92615:2121677] nil host used in call to allowsSpecificHTTPSCertificateForHost
2022-09-15 15:36:24.032 plugin-container[92615:2121677] nil host used in call to allowsAnyHTTPSCertificateForHost:
2022-09-15 15:36:24.032 plugin-container[92615:2121686] nil host used in call to allowsSpecificHTTPSCertificateForHost
2022-09-15 15:36:24.032 plugin-container[92615:2121686] nil host used in call to allowsAnyHTTPSCertificateForHost:
1663270584033	Marionette	INFO	Marionette enabled
1663270584052	Marionette	INFO	Listening on port 50827
WebDriver BiDi listening on ws://localhost:50822
Read port: 50827
1663270584138	RemoteAgent	WARN	TLS certificate errors will be ignored for this session
console.warn: SearchSettings: "get: No settings file exists, new profile?" (new NotFoundError("Could not open the file at /var/folders/jr/0bg6njgs6rs81lwz018d85bm0000gn/T/rust_mozprofilezs6ap5/search.json.mozlz4", (void 0)))
DevTools listening on ws://localhost:50822/devtools/browser/c26315ce-8e13-45a0-b129-f9fa7c047934
UNSUPPORTED (log once): POSSIBLE ISSUE: unit 1 GLD_TEXTURE_INDEX_2D is unloadable and bound to sampler type (Float) - using zero texture because texture unloadable
1663270634142	Marionette	INFO	Stopped listening on port 50827
1663270635096	geckodriver	INFO	Listening on 127.0.0.1:50919
1663270635606	mozrunner::runner	INFO	Running command: "/Applications/Firefox.app/Contents/MacOS/firefox-bin" "--marionette" "--remote-debugging-port" "50920" "--remote-allow-hosts" "localhost" "-foreground" "-no-remote" "-profile" "/var/folders/jr/0bg6njgs6rs81lwz018d85bm0000gn/T/rust_mozprofile3GUmUq"
1663270635881	Marionette	INFO	Marionette enabled
2022-09-15 15:37:15.900 plugin-container[92631:2122343] nil host used in call to allowsSpecificHTTPSCertificateForHost
2022-09-15 15:37:15.900 plugin-container[92631:2122343] nil host used in call to allowsAnyHTTPSCertificateForHost:
2022-09-15 15:37:15.902 plugin-container[92631:2122343] nil host used in call to allowsSpecificHTTPSCertificateForHost
2022-09-15 15:37:15.902 plugin-container[92631:2122343] nil host used in call to allowsAnyHTTPSCertificateForHost:
2022-09-15 15:37:15.902 plugin-container[92631:2122341] nil host used in call to allowsSpecificHTTPSCertificateForHost
2022-09-15 15:37:15.902 plugin-container[92631:2122341] nil host used in call to allowsAnyHTTPSCertificateForHost:
1663270635990	Marionette	INFO	Listening on port 50925
WebDriver BiDi listening on ws://localhost:50920
Read port: 50925
1663270636081	RemoteAgent	WARN	TLS certificate errors will be ignored for this session
console.warn: SearchSettings: "get: No settings file exists, new profile?" (new NotFoundError("Could not open the file at /var/folders/jr/0bg6njgs6rs81lwz018d85bm0000gn/T/rust_mozprofile3GUmUq/search.json.mozlz4", (void 0)))
DevTools listening on ws://localhost:50920/devtools/browser/eb11b68f-9652-430c-8deb-1b7c36edb7c1
UNSUPPORTED (log once): POSSIBLE ISSUE: unit 1 GLD_TEXTURE_INDEX_2D is unloadable and bound to sampler type (Float) - using zero texture because texture unloadable
1663270683080	Marionette	INFO	Stopped listening on port 50925
1663270684051	geckodriver	INFO	Listening on 127.0.0.1:51014
1663270684058	mozrunner::runner	INFO	Running command: "/Applications/Firefox.app/Contents/MacOS/firefox-bin" "--marionette" "--remote-debugging-port" "51015" "--remote-allow-hosts" "localhost" "-foreground" "-no-remote" "-profile" "/var/folders/jr/0bg6njgs6rs81lwz018d85bm0000gn/T/rust_mozprofileZIb0ok"
2022-09-15 15:38:04.334 plugin-container[92660:2123064] nil host used in call to allowsSpecificHTTPSCertificateForHost
2022-09-15 15:38:04.334 plugin-container[92660:2123064] nil host used in call to allowsAnyHTTPSCertificateForHost:
2022-09-15 15:38:04.336 plugin-container[92660:2123064] nil host used in call to allowsSpecificHTTPSCertificateForHost
2022-09-15 15:38:04.336 plugin-container[92660:2123064] nil host used in call to allowsAnyHTTPSCertificateForHost:
2022-09-15 15:38:04.336 plugin-container[92660:2123092] nil host used in call to allowsSpecificHTTPSCertificateForHost
2022-09-15 15:38:04.336 plugin-container[92660:2123092] nil host used in call to allowsAnyHTTPSCertificateForHost:
1663270684339	Marionette	INFO	Marionette enabled
1663270684356	Marionette	INFO	Listening on port 51018
WebDriver BiDi listening on ws://localhost:51015
Read port: 51018
1663270684434	RemoteAgent	WARN	TLS certificate errors will be ignored for this session
console.warn: SearchSettings: "get: No settings file exists, new profile?" (new NotFoundError("Could not open the file at /var/folders/jr/0bg6njgs6rs81lwz018d85bm0000gn/T/rust_mozprofileZIb0ok/search.json.mozlz4", (void 0)))
DevTools listening on ws://localhost:51015/devtools/browser/7b2d4655-46dc-441b-a09e-c2d6f4904db6
UNSUPPORTED (log once): POSSIBLE ISSUE: unit 1 GLD_TEXTURE_INDEX_2D is unloadable and bound to sampler type (Float) - using zero texture because texture unloadable
1663270730492	Marionette	INFO	Stopped listening on port 51018
1663270862811	geckodriver	INFO	Listening on 127.0.0.1:51169
1663270863326	mozrunner::runner	INFO	Running command: "/Applications/Firefox.app/Contents/MacOS/firefox-bin" "--marionette" "--remote-debugging-port" "51170" "--remote-allow-hosts" "localhost" "-foreground" "-no-remote" "-profile" "/var/folders/jr/0bg6njgs6rs81lwz018d85bm0000gn/T/rust_mozprofile168C8C"
2022-09-15 15:41:03.619 plugin-container[92726:2124656] nil host used in call to allowsSpecificHTTPSCertificateForHost
2022-09-15 15:41:03.619 plugin-container[92726:2124656] nil host used in call to allowsAnyHTTPSCertificateForHost:
1663270863621	Marionette	INFO	Marionette enabled
1663270863637	Marionette	INFO	Listening on port 51175
2022-09-15 15:41:03.638 plugin-container[92726:2124656] nil host used in call to allowsSpecificHTTPSCertificateForHost
2022-09-15 15:41:03.638 plugin-container[92726:2124656] nil host used in call to allowsAnyHTTPSCertificateForHost:
2022-09-15 15:41:03.638 plugin-container[92726:2124658] nil host used in call to allowsSpecificHTTPSCertificateForHost
2022-09-15 15:41:03.638 plugin-container[92726:2124658] nil host used in call to allowsAnyHTTPSCertificateForHost:
Read port: 51175
WebDriver BiDi listening on ws://localhost:51170
1663270863721	RemoteAgent	WARN	TLS certificate errors will be ignored for this session
console.warn: SearchSettings: "get: No settings file exists, new profile?" (new NotFoundError("Could not open the file at /var/folders/jr/0bg6njgs6rs81lwz018d85bm0000gn/T/rust_mozprofile168C8C/search.json.mozlz4", (void 0)))
DevTools listening on ws://localhost:51170/devtools/browser/ade18617-65bf-42c1-b4c5-471281979786
Exiting due to channel error.
Exiting due to channel error.
Exiting due to channel error.
